<?xml version="1.0" encoding="UTF-8"?>
<!-- Generated by org.testng.reporters.JUnitReportReporter -->
<testsuite hostname="User" failures="0" tests="4" name="test.LoginFunctionalityTest" time="29.790" errors="0" timestamp="2021-07-07T20:52:51 EDT" skipped="0">
  <testcase classname="test.LoginFunctionalityTest" name="positiveLoginFunctionalityTest" time="7.291"/>
  <system-out/>
  <testcase classname="test.LoginFunctionalityTest" name="positiveLoginFunctionalityTest" time="8.283"/>
  <system-out/>
  <testcase classname="test.LoginFunctionalityTest" name="positiveLoginFunctionalityTest" time="6.816"/>
  <system-out/>
  <testcase classname="test.LoginFunctionalityTest" name="positiveLoginFunctionalityTest" time="7.400"/>
  <system-out/>
</testsuite> <!-- test.LoginFunctionalityTest -->
